<?xml version="1.0" encoding="UTF-8"?>
<!-- Generated by org.testng.reporters.JUnitReportReporter -->
<testsuite hostname="DESKTOP-K4GP7T7" failures="0" tests="5" name="tests.UserTest1_withData" time="13.869" errors="0" timestamp="2025-07-08T13:23:00 IST" skipped="0">
  <testcase classname="tests.UserTest1_withData" name="postUser" time="1.257"/>
  <system-out/>
  <testcase classname="tests.UserTest1_withData" name="postUser" time="8.902"/>
  <system-out/>
  <testcase classname="tests.UserTest1_withData" name="postUser" time="1.213"/>
  <system-out/>
  <testcase classname="tests.UserTest1_withData" name="postUser" time="1.235"/>
  <system-out/>
  <testcase classname="tests.UserTest1_withData" name="postUser" time="1.262"/>
  <system-out/>
</testsuite> <!-- tests.UserTest1_withData -->
